<?xml version="1.0" encoding="UTF-8"?>
<Site BuildName="(empty)"
	BuildStamp="20250205-0649-Experimental"
	Name="(empty)"
	Generator="ctest-3.28.3"
	CompilerName=""
	CompilerVersion=""
	OSName="Linux"
	Hostname="embeded-NF5280M6"
	OSRelease="4.16.18-041618-generic"
	OSVersion="#201806252030 SMP Tue Jun 26 00:33:13 UTC 2018"
	OSPlatform="x86_64"
	Is64Bits="1"
	VendorString="GenuineIntel"
	VendorID="Intel Corporation"
	FamilyID="6"
	ModelID="106"
	ProcessorCacheSize="49152"
	NumberOfLogicalCPU="128"
	NumberOfPhysicalCPU="64"
	TotalVirtualMemory="975"
	TotalPhysicalMemory="515630"
	LogicalProcessorsPerPhysical="2"
	ProcessorClockFrequency="900"
	>
	<Testing>
		<StartDateTime>Feb 05 17:42 CST</StartDateTime>
		<StartTestTime>1738748565</StartTestTime>
		<TestList/>
		<EndDateTime>Feb 05 17:42 CST</EndDateTime>
		<EndTestTime>1738748565</EndTestTime>
		<ElapsedMinutes>0</ElapsedMinutes>
	</Testing>
</Site>
